<?xml version="1.0" encoding="UTF-8"?>
<!-- Generated by org.testng.reporters.JUnitXMLReporter -->
<testsuite hostname="Jayavelu-PC" ignored="0" name="Test" tests="4" failures="0" timestamp="18 Aug 2019 10:56:46 GMT" time="66.786" errors="0">
  <testcase name="checkLoginHome" time="1.627" classname="Scripts.UseCase1Login"/>
  <testcase name="searchEmployee" time="5.445" classname="Scripts.SearchEmpTest"/>
  <testcase name="createUser" time="9.237" classname="Scripts.CreateUserTest"/>
  <testcase name="editUser" time="8.624" classname="Scripts.EditUserUseCase"/>
</testsuite> <!-- Test -->
