-------------------------------------------------------------------------------
Test set: TestSuite
-------------------------------------------------------------------------------
Tests run: 4, Failures: 1, Errors: 0, Skipped: 0, Time elapsed: 73.369 s <<< FAILURE! - in TestSuite
checkLoginHome(Scripts.UseCase1Login)  Time elapsed: 1.587 s  <<< FAILURE!
java.lang.AssertionError: expected [true] but found [false]
	at Scripts.UseCase1Login.checkLoginHome(UseCase1Login.java:33)

