<?xml version="1.0" encoding="UTF-8"?>
<testng-results skipped="0" failed="0" ignored="0" total="4" passed="4">
  <reporter-output>
    <line>
      <![CDATA[Welcome text from HomePage --> Enjoy your weekend Norma]]>
    </line>
    <line>
      <![CDATA[Records Before Filter --> 25]]>
    </line>
    <line>
      <![CDATA[Records after Filter --> 1]]>
    </line>
    <line>
      <![CDATA[Message After User Creation --> Read-only session, data not updated]]>
    </line>
    <line>
      <![CDATA[Message After Edit User--> Read-only session, data not updated]]>
    </line>
  </reporter-output>
  <suite name="Suite" duration-ms="66786" started-at="2019-08-18T10:55:39Z" finished-at="2019-08-18T10:56:46Z">
    <groups>
    </groups>
    <test name="Test" duration-ms="66786" started-at="2019-08-18T10:55:39Z" finished-at="2019-08-18T10:56:46Z">
      <class name="Scripts.EditUserUseCase">
        <test-method status="PASS" signature="openBrowser()[pri:0, instance:Scripts.EditUserUseCase@47c62251]" name="openBrowser" is-config="true" duration-ms="10978" started-at="2019-08-18T10:56:24Z" finished-at="2019-08-18T10:56:35Z">
          <reporter-output>
          </reporter-output>
        </test-method> <!-- openBrowser -->
        <test-method status="PASS" signature="editUser()[pri:0, instance:Scripts.EditUserUseCase@47c62251]" name="editUser" duration-ms="8624" started-at="2019-08-18T10:56:35Z" finished-at="2019-08-18T10:56:44Z">
          <reporter-output>
            <line>
              <![CDATA[Message After Edit User--> Read-only session, data not updated]]>
            </line>
          </reporter-output>
        </test-method> <!-- editUser -->
        <test-method status="PASS" signature="closeBrowser()[pri:0, instance:Scripts.EditUserUseCase@47c62251]" name="closeBrowser" is-config="true" duration-ms="2142" started-at="2019-08-18T10:56:44Z" finished-at="2019-08-18T10:56:46Z">
          <reporter-output>
          </reporter-output>
        </test-method> <!-- closeBrowser -->
      </class> <!-- Scripts.EditUserUseCase -->
      <class name="Scripts.CreateUserTest">
        <test-method status="PASS" signature="openBrowser()[pri:0, instance:Scripts.CreateUserTest@6f7fd0e6]" name="openBrowser" is-config="true" duration-ms="8485" started-at="2019-08-18T10:56:06Z" finished-at="2019-08-18T10:56:15Z">
          <reporter-output>
          </reporter-output>
        </test-method> <!-- openBrowser -->
        <test-method status="PASS" signature="createUser(java.lang.String, java.lang.String, java.lang.String, java.lang.String, java.lang.String, java.lang.String, java.lang.String, java.lang.String, java.lang.String, java.lang.String, java.lang.String, java.lang.String)[pri:0, instance:Scripts.CreateUserTest@6f7fd0e6]" name="createUser" duration-ms="9237" started-at="2019-08-18T10:56:15Z" data-provider="usercreation" finished-at="2019-08-18T10:56:24Z">
          <params>
            <param index="0">
              <value>
                <![CDATA[Rajashekar]]>
              </value>
            </param>
            <param index="1">
              <value>
                <![CDATA[TR]]>
              </value>
            </param>
            <param index="2">
              <value>
                <![CDATA[rajashekartr]]>
              </value>
            </param>
            <param index="3">
              <value>
                <![CDATA[rajashekartr@123]]>
              </value>
            </param>
            <param index="4">
              <value>
                <![CDATA[rajashekartr@123]]>
              </value>
            </param>
            <param index="5">
              <value>
                <![CDATA[12/12/1980]]>
              </value>
            </param>
            <param index="6">
              <value>
                <![CDATA[rajshekartr123@gmail.com]]>
              </value>
            </param>
            <param index="7">
              <value>
                <![CDATA[9923909239]]>
              </value>
            </param>
            <param index="8">
              <value>
                <![CDATA[Test Engineer]]>
              </value>
            </param>
            <param index="9">
              <value>
                <![CDATA[01/01/2018]]>
              </value>
            </param>
            <param index="10">
              <value>
                <![CDATA[Dottie]]>
              </value>
            </param>
            <param index="11">
              <value>
                <![CDATA[Engineering]]>
              </value>
            </param>
          </params>
          <reporter-output>
            <line>
              <![CDATA[Message After User Creation --> Read-only session, data not updated]]>
            </line>
          </reporter-output>
        </test-method> <!-- createUser -->
        <test-method status="PASS" signature="closeBrowser()[pri:0, instance:Scripts.CreateUserTest@6f7fd0e6]" name="closeBrowser" is-config="true" duration-ms="229" started-at="2019-08-18T10:56:24Z" finished-at="2019-08-18T10:56:24Z">
          <reporter-output>
          </reporter-output>
        </test-method> <!-- closeBrowser -->
      </class> <!-- Scripts.CreateUserTest -->
      <class name="Scripts.SearchEmpTest">
        <test-method status="PASS" signature="openBrowser()[pri:0, instance:Scripts.SearchEmpTest@27efef64]" name="openBrowser" is-config="true" duration-ms="9222" started-at="2019-08-18T10:55:51Z" finished-at="2019-08-18T10:56:01Z">
          <reporter-output>
          </reporter-output>
        </test-method> <!-- openBrowser -->
        <test-method status="PASS" signature="searchEmployee()[pri:0, instance:Scripts.SearchEmpTest@27efef64]" name="searchEmployee" duration-ms="5445" started-at="2019-08-18T10:56:01Z" finished-at="2019-08-18T10:56:06Z">
          <reporter-output>
            <line>
              <![CDATA[Records Before Filter --> 25]]>
            </line>
            <line>
              <![CDATA[Records after Filter --> 1]]>
            </line>
          </reporter-output>
        </test-method> <!-- searchEmployee -->
        <test-method status="PASS" signature="closeBrowser()[pri:0, instance:Scripts.SearchEmpTest@27efef64]" name="closeBrowser" is-config="true" duration-ms="320" started-at="2019-08-18T10:56:06Z" finished-at="2019-08-18T10:56:06Z">
          <reporter-output>
          </reporter-output>
        </test-method> <!-- closeBrowser -->
      </class> <!-- Scripts.SearchEmpTest -->
      <class name="Scripts.UseCase1Login">
        <test-method status="PASS" signature="openBrowser()[pri:0, instance:Scripts.UseCase1Login@59f99ea]" name="openBrowser" is-config="true" duration-ms="10207" started-at="2019-08-18T10:55:39Z" finished-at="2019-08-18T10:55:49Z">
          <reporter-output>
          </reporter-output>
        </test-method> <!-- openBrowser -->
        <test-method status="PASS" signature="checkLoginHome()[pri:0, instance:Scripts.UseCase1Login@59f99ea]" name="checkLoginHome" duration-ms="1627" started-at="2019-08-18T10:55:49Z" finished-at="2019-08-18T10:55:51Z">
          <reporter-output>
            <line>
              <![CDATA[Welcome text from HomePage --> Enjoy your weekend Norma]]>
            </line>
          </reporter-output>
        </test-method> <!-- checkLoginHome -->
        <test-method status="PASS" signature="closeBrowser()[pri:0, instance:Scripts.UseCase1Login@59f99ea]" name="closeBrowser" is-config="true" duration-ms="200" started-at="2019-08-18T10:55:51Z" finished-at="2019-08-18T10:55:51Z">
          <reporter-output>
          </reporter-output>
        </test-method> <!-- closeBrowser -->
      </class> <!-- Scripts.UseCase1Login -->
    </test> <!-- Test -->
  </suite> <!-- Suite -->
</testng-results>
